<?xml version="1.0" encoding="UTF-8"?>
<testng-results ignored="0" total="1" passed="1" failed="0" skipped="0">
  <reporter-output>
  </reporter-output>
  <suite started-at="2021-03-29T19:45:32 IST" name="Default suite" finished-at="2021-03-29T19:45:40 IST" duration-ms="8611">
    <groups>
    </groups>
    <test started-at="2021-03-29T19:45:32 IST" name="Default test" finished-at="2021-03-29T19:45:40 IST" duration-ms="8611">
      <class name="designPattern.DemoAmazonHomePage2">
        <test-method is-config="true" signature="invokeBrowser()[pri:0, instance:designPattern.DemoAmazonHomePage2@55b53d44]" started-at="2021-03-29T19:45:32 IST" name="invokeBrowser" finished-at="2021-03-29T19:45:37 IST" duration-ms="5033" status="PASS">
          <reporter-output>
          </reporter-output>
        </test-method> <!-- invokeBrowser -->
        <test-method signature="searchProduct()[pri:0, instance:designPattern.DemoAmazonHomePage2@55b53d44]" started-at="2021-03-29T19:45:37 IST" name="searchProduct" finished-at="2021-03-29T19:45:40 IST" duration-ms="3386" status="PASS">
          <reporter-output>
          </reporter-output>
        </test-method> <!-- searchProduct -->
        <test-method is-config="true" signature="closeBrowser()[pri:0, instance:designPattern.DemoAmazonHomePage2@55b53d44]" started-at="2021-03-29T19:45:40 IST" name="closeBrowser" finished-at="2021-03-29T19:45:40 IST" duration-ms="153" status="PASS">
          <reporter-output>
          </reporter-output>
        </test-method> <!-- closeBrowser -->
      </class> <!-- designPattern.DemoAmazonHomePage2 -->
    </test> <!-- Default test -->
  </suite> <!-- Default suite -->
</testng-results>
